<?xml version="1.0" encoding="UTF-8"?>
<!-- Generated by org.testng.reporters.JUnitXMLReporter -->
<testsuite hostname="R1002" ignored="0" name="Surefire test" tests="14" failures="3" timestamp="20 фев 2020 15:53:43 GMT" time="0.13" errors="0">
  <testcase name="@BeforeMethod beforemethod" time="0.001" classname="ParallelExecution.BaseClass">
    <failure type="java.lang.NullPointerException">
      <![CDATA[java.lang.NullPointerException
at ParallelExecution.BaseClass.beforemethod(BaseClass.java:19)
... Removed 32 stack frames]]>
    </failure>
  </testcase> <!-- @BeforeMethod beforemethod -->
  <testcase name="@AfterMethod aftermethod" time="0.0" classname="ParallelExecution.BaseClass">
    <skipped/>
  </testcase> <!-- @AfterMethod aftermethod -->
  <testcase name="@BeforeMethod beforemethod" time="0.0" classname="ParallelExecution.BaseClass">
    <skipped/>
  </testcase> <!-- @BeforeMethod beforemethod -->
  <testcase name="@AfterMethod aftermethod" time="0.0" classname="ParallelExecution.BaseClass">
    <skipped/>
  </testcase> <!-- @AfterMethod aftermethod -->
  <testcase name="@BeforeMethod beforemethod" time="0.0" classname="ParallelExecution.BaseClass">
    <skipped/>
  </testcase> <!-- @BeforeMethod beforemethod -->
  <testcase name="@AfterMethod aftermethod" time="0.0" classname="ParallelExecution.BaseClass">
    <skipped/>
  </testcase> <!-- @AfterMethod aftermethod -->
  <testcase name="feature1" time="0.001" classname="LearningTestNG.GroupingTests"/>
  <testcase name="feature2" time="0.0" classname="LearningTestNG.GroupingTests"/>
  <testcase name="feature3" time="0.0" classname="LearningTestNG.GroupingTests"/>
  <testcase name="test1" time="0.001" classname="LearningTestNG.TestNGAnnotation"/>
  <testcase name="test2" time="0.0" classname="LearningTestNG.TestNGAnnotation"/>
  <testcase name="loginWithEmail" time="0.0" classname="LearningTestNG.Listeners.LoginTest"/>
  <testcase name="loginWithFacebook" time="0.003" classname="LearningTestNG.Listeners.LoginTest">
    <failure type="java.lang.AssertionError" message="expected [TestString1] but found [TestString]">
      <![CDATA[java.lang.AssertionError: expected [TestString1] but found [TestString]
at LearningTestNG.Listeners.LoginTest.loginWithFacebook(LoginTest.java:15)
... Removed 35 stack frames]]>
    </failure>
  </testcase> <!-- loginWithFacebook -->
  <testcase name="test3" time="0.0" classname="LearningTestNG.TestNGAnnotation_2"/>
  <testcase name="login" time="0.001" classname="LearningTestNG.ReportingTests"/>
  <testcase name="logout" time="0.001" classname="LearningTestNG.ReportingTests">
    <failure type="java.lang.AssertionError" message="expected [Test1] but found [Test]">
      <![CDATA[java.lang.AssertionError: expected [Test1] but found [Test]
at LearningTestNG.ReportingTests.logout(ReportingTests.java:12)
... Removed 35 stack frames]]>
    </failure>
  </testcase> <!-- logout -->
  <testcase name="test_01" time="0.0" classname="ParallelExecution.TestWebsite">
    <skipped/>
  </testcase> <!-- test_01 -->
  <testcase name="test_02" time="0.0" classname="ParallelExecution.TestWebsite">
    <skipped/>
  </testcase> <!-- test_02 -->
  <testcase name="test_03" time="0.0" classname="ParallelExecution.TestWebsite">
    <skipped/>
  </testcase> <!-- test_03 -->
  <testcase name="test" time="0.053" classname="SauceLabs.BasicSauceLabTest">
    <failure type="java.net.MalformedURLException" message="For input string: &amp;quot;518f756cf-114f-40a7-88dc-7871e27&amp;quot;">
      <![CDATA[java.net.MalformedURLException: For input string: "518f756cf-114f-40a7-88dc-7871e27"
at java.net.URL.<init>(URL.java:627)
at java.net.URL.<init>(URL.java:490)
at java.net.URL.<init>(URL.java:439)
at SauceLabs.BasicSauceLabTest.test(BasicSauceLabTest.java:22)
Caused by: java.lang.NumberFormatException: For input string: "518f756cf-114f-40a7-88dc-7871e27"
at java.lang.NumberFormatException.forInputString(NumberFormatException.java:65)
at java.lang.Integer.parseInt(Integer.java:580)
at java.lang.Integer.parseInt(Integer.java:615)
at java.net.URLStreamHandler.parseURL(URLStreamHandler.java:222)
at java.net.URL.<init>(URL.java:622)
... 32 more
... Removed 29 stack frames]]>
    </failure>
  </testcase> <!-- test -->
</testsuite> <!-- Surefire test -->
